<?xml version="1.0" encoding="UTF-8"?>
<!-- Generated by org.testng.reporters.JUnitReportReporter -->
<testsuite hostname="ESL008" name="webServicesTest.GetAPIWithHeadersTest" tests="1" failures="0" timestamp="9 May 2019 12:53:51 GMT" time="2.306" errors="0">
  <testcase name="getAPIWithoutHeadersTest" time="2.306" classname="webServicesTest.GetAPIWithHeadersTest"/>
</testsuite> <!-- webServicesTest.GetAPIWithHeadersTest -->
