<?xml version="1.0" encoding="UTF-8"?>
<!-- Generated by org.testng.reporters.JUnitReportReporter -->
<testsuite hostname="ESW009" name="webServicesTest.DeleteAPITest" tests="1" failures="0" timestamp="13 Oct 2018 10:04:47 GMT" time="0.896" errors="0">
  <testcase name="deleteAPITest" time="0.896" classname="webServicesTest.DeleteAPITest"/>
</testsuite> <!-- webServicesTest.DeleteAPITest -->
