<?xml version="1.0" encoding="UTF-8"?>
<!-- Generated by org.testng.reporters.JUnitReportReporter -->
<testsuite hostname="ESW009" name="kvbNetBankingTestCases.NEFT_FundsTransferTest" tests="1" failures="0" timestamp="7 Sep 2018 05:26:27 GMT" time="140.282" errors="0">
  <testcase name="NEFT_Transaction" time="140.282" classname="kvbNetBankingTestCases.NEFT_FundsTransferTest"/>
</testsuite> <!-- kvbNetBankingTestCases.NEFT_FundsTransferTest -->
