<?xml version="1.0" encoding="UTF-8"?>
<!-- Generated by org.testng.reporters.JUnitReportReporter -->
<testsuite hostname="ESW009" name="webServicesTest.GetAPITest" tests="1" failures="0" timestamp="12 Oct 2018 12:37:04 GMT" time="1.054" errors="0">
  <testcase name="getAPITest" time="1.054" classname="webServicesTest.GetAPITest"/>
</testsuite> <!-- webServicesTest.GetAPITest -->
