<?xml version="1.0" encoding="UTF-8"?>
<!-- Generated by org.testng.reporters.JUnitReportReporter -->
<testsuite hostname="ESL008" name="webServicesTest.GetAPIWithoutHeadersTest" tests="1" failures="0" timestamp="11 Sep 2019 06:50:57 GMT" time="2.958" errors="0">
  <testcase name="getAPIWithoutHeadersTest" time="2.958" classname="webServicesTest.GetAPIWithoutHeadersTest"/>
</testsuite> <!-- webServicesTest.GetAPIWithoutHeadersTest -->
