<?xml version="1.0" encoding="UTF-8"?>
<!-- Generated by org.testng.reporters.JUnitReportReporter -->
<testsuite hostname="ESL008" name="lunch2desk_TestCases.TC01_CustomerLoginTest" tests="1" failures="0" timestamp="5 Mar 2019 09:40:47 GMT" time="63.484" errors="0">
  <testcase name="customerLoginTest" time="63.484" classname="lunch2desk_TestCases.TC01_CustomerLoginTest"/>
</testsuite> <!-- lunch2desk_TestCases.TC01_CustomerLoginTest -->
