<?xml version="1.0" encoding="UTF-8"?>
<!-- Generated by org.testng.reporters.JUnitReportReporter -->
<testsuite hostname="ESW009" name="kvbNetBankingTestCases.TC__ImpsTest" tests="1" failures="0" timestamp="4 Sep 2018 12:57:59 GMT" time="22.418" errors="0">
  <testcase name="impsTransfer" time="22.418" classname="kvbNetBankingTestCases.TC__ImpsTest"/>
</testsuite> <!-- kvbNetBankingTestCases.TC__ImpsTest -->
