<?xml version="1.0" encoding="UTF-8"?>
<!-- Generated by org.testng.reporters.JUnitReportReporter -->
<testsuite hostname="ESW009" name="lunch2desk_TestCases.TC001_SellerLoginTest" tests="1" failures="0" timestamp="4 Oct 2018 09:30:02 GMT" time="23.549" errors="0">
  <testcase name="sellerLoginTest" time="23.549" classname="lunch2desk_TestCases.TC001_SellerLoginTest"/>
</testsuite> <!-- lunch2desk_TestCases.TC001_SellerLoginTest -->
