<?xml version="1.0" encoding="UTF-8"?>
<!-- Generated by org.testng.reporters.JUnitReportReporter -->
<testsuite hostname="ESW020" name="PaymateTestcases.TC_004_ManageContact" tests="1" failures="0" timestamp="8 Aug 2018 11:15:26 GMT" time="23.598" errors="0">
  <testcase name="ManageContactTest" time="23.598" classname="PaymateTestcases.TC_004_ManageContact"/>
</testsuite> <!-- PaymateTestcases.TC_004_ManageContact -->
