<?xml version="1.0" encoding="UTF-8"?>
<!-- Generated by org.testng.reporters.JUnitReportReporter -->
<testsuite hostname="ESL008" name="paymatePages.FindBrokenLinksExample" tests="1" failures="0" timestamp="20 Mar 2019 06:30:51 GMT" time="1227.500" errors="0">
  <testcase name="validateInvalidLinks" time="1227.500" classname="paymatePages.FindBrokenLinksExample"/>
</testsuite> <!-- paymatePages.FindBrokenLinksExample -->
