<?xml version="1.0" encoding="UTF-8"?>
<!-- Generated by org.testng.reporters.JUnitReportReporter -->
<testsuite hostname="ESL008" name="AndroidPages.Demo" tests="1" failures="0" timestamp="26 Apr 2019 12:31:05 GMT" time="0.217" errors="0">
  <testcase name="main" time="0.217" classname="AndroidPages.Demo"/>
</testsuite> <!-- AndroidPages.Demo -->
