<?xml version="1.0" encoding="UTF-8"?>
<!-- Generated by org.testng.reporters.JUnitReportReporter -->
<testsuite hostname="Admins-MacBook-Air.local" name="webServicesTest.GetAPIWithHeadersTest" tests="1" failures="0" timestamp="9 Nov 2018 12:24:00 GMT" time="1.737" errors="0">
  <testcase name="getAPIWithoutHeadersTest" time="1.737" classname="webServicesTest.GetAPIWithHeadersTest"/>
</testsuite> <!-- webServicesTest.GetAPIWithHeadersTest -->
