<?xml version="1.0" encoding="UTF-8"?>
<!-- Generated by org.testng.reporters.JUnitReportReporter -->
<testsuite hostname="ESL006" name="TestCases.pdftest" tests="2" failures="0" timestamp="24 Apr 2018 13:07:45 GMT" time="10.635" errors="0">
  <testcase name="testVerifyPDFInURL" time="7.122" classname="TestCases.pdftest"/>
  <testcase name="testVerifyPDFTextInBrowser" time="3.513" classname="TestCases.pdftest"/>
</testsuite> <!-- TestCases.pdftest -->
