<?xml version="1.0" encoding="UTF-8"?>
<!-- Generated by org.testng.reporters.JUnitReportReporter -->
<testsuite hostname="ESW009" name="AndroidTestcases.sampleTest" tests="1" failures="0" timestamp="24 Oct 2018 09:19:40 GMT" time="0.030" errors="0">
  <testcase name="test" time="0.030" classname="AndroidTestcases.sampleTest"/>
</testsuite> <!-- AndroidTestcases.sampleTest -->
