<?xml version="1.0" encoding="UTF-8"?>
<!-- Generated by org.testng.reporters.JUnitReportReporter -->
<testsuite hostname="Admins-MacBook-Air.local" name="webServicesTest.DeleteAPIWithHeadersTest" tests="1" failures="0" timestamp="9 Nov 2018 12:24:00 GMT" time="0.650" errors="0">
  <testcase name="deleteAPIWithHeadersTest" time="0.650" classname="webServicesTest.DeleteAPIWithHeadersTest"/>
</testsuite> <!-- webServicesTest.DeleteAPIWithHeadersTest -->
