<?xml version="1.0" encoding="UTF-8"?>
<!-- Generated by org.testng.reporters.JUnitReportReporter -->
<testsuite hostname="ESL008" name="creditMantriTestCases.BrowserStackDemo" tests="1" failures="0" timestamp="11 May 2019 06:32:54 GMT" time="471.354" errors="0">
  <testcase name="brokenLinksTest" time="471.354" classname="creditMantriTestCases.BrowserStackDemo"/>
</testsuite> <!-- creditMantriTestCases.BrowserStackDemo -->
