<?xml version="1.0" encoding="UTF-8"?>
<!-- Generated by org.testng.reporters.JUnitReportReporter -->
<testsuite hostname="ESL008" name="PaymateTestcases.BokenLinksTest" tests="1" failures="0" timestamp="22 Mar 2019 05:54:37 GMT" time="1322.887" errors="0">
  <testcase name="bokenLinksTest" time="1322.887" classname="PaymateTestcases.BokenLinksTest"/>
</testsuite> <!-- PaymateTestcases.BokenLinksTest -->
