<?xml version="1.0" encoding="UTF-8"?>
<!-- Generated by org.testng.reporters.JUnitReportReporter -->
<testsuite hostname="ESL008" name="webServicesTest.ExtentReportsTest" tests="2" failures="0" timestamp="12 Sep 2019 06:48:39 GMT" time="0.056" errors="0">
  <testcase name="test2" time="0.011" classname="webServicesTest.ExtentReportsTest"/>
  <testcase name="test1" time="0.045" classname="webServicesTest.ExtentReportsTest"/>
</testsuite> <!-- webServicesTest.ExtentReportsTest -->
