<?xml version="1.0" encoding="UTF-8"?>
<!-- Generated by org.testng.reporters.JUnitReportReporter -->
<testsuite hostname="ESL008" name="webServicesTest.GetAPIWithoutHeadersTest" tests="1" failures="0" timestamp="23 Mar 2019 06:06:12 GMT" time="18.782" errors="0">
  <testcase name="getAPIWithoutHeadersTest" time="18.782" classname="webServicesTest.GetAPIWithoutHeadersTest"/>
</testsuite> <!-- webServicesTest.GetAPIWithoutHeadersTest -->
