<?xml version="1.0" encoding="UTF-8"?>
<!-- Generated by org.testng.reporters.JUnitReportReporter -->
<testsuite hostname="Admins-MacBook-Air.local" name="IOSTestCases.Lunch2deskMobileWebTest" tests="1" failures="0" timestamp="22 Nov 2018 07:14:58 GMT" time="182.713" errors="0">
  <testcase name="sellerLoginTest" time="182.713" classname="IOSTestCases.Lunch2deskMobileWebTest"/>
</testsuite> <!-- IOSTestCases.Lunch2deskMobileWebTest -->
