<?xml version="1.0" encoding="UTF-8"?>
<!-- Generated by org.testng.reporters.JUnitReportReporter -->
<testsuite hostname="ESW009" name="PaymateTestcases.CreditMantriSignUpTest" tests="1" failures="0" timestamp="10 Sep 2018 12:14:29 GMT" time="83.708" errors="0">
  <testcase name="creditMantriSignUpTest" time="83.708" classname="PaymateTestcases.CreditMantriSignUpTest"/>
</testsuite> <!-- PaymateTestcases.CreditMantriSignUpTest -->
