<?xml version="1.0" encoding="UTF-8"?>
<!-- Generated by org.testng.reporters.JUnitReportReporter -->
<testsuite hostname="Admins-MacBook-Air.local" name="IOSTestCases.TestCase1" tests="1" failures="0" timestamp="27 Nov 2018 05:37:46 GMT" time="174.075" errors="0">
  <testcase name="testCase1" time="174.075" classname="IOSTestCases.TestCase1"/>
</testsuite> <!-- IOSTestCases.TestCase1 -->
