<?xml version="1.0" encoding="UTF-8"?>
<!-- Generated by org.testng.reporters.JUnitReportReporter -->
<testsuite hostname="ESL008" name="AndroidTestcases.WiFiConnectionPageTest" tests="1" failures="0" timestamp="6 Mar 2019 10:29:20 GMT" time="104.795" errors="0">
  <testcase name="wifiConnectionPageTest" time="104.795" classname="AndroidTestcases.WiFiConnectionPageTest"/>
</testsuite> <!-- AndroidTestcases.WiFiConnectionPageTest -->
