<?xml version="1.0" encoding="UTF-8"?>
<!-- Generated by org.testng.reporters.JUnitReportReporter -->
<testsuite hostname="Admins-MacBook-Air.local" name="webServicesTest.PostAPITset" tests="1" failures="0" timestamp="9 Nov 2018 12:24:00 GMT" time="1.499" errors="0">
  <testcase name="postAPITset" time="1.499" classname="webServicesTest.PostAPITset"/>
</testsuite> <!-- webServicesTest.PostAPITset -->
