<?xml version="1.0" encoding="UTF-8"?>
<!-- Generated by org.testng.reporters.JUnitReportReporter -->
<testsuite hostname="ESW009" name="lunch2desk_TestCases.TC004_OrderFoodTest" tests="1" failures="0" timestamp="5 Oct 2018 05:41:42 GMT" time="60.139" errors="0">
  <testcase name="orderItemTest" time="60.139" classname="lunch2desk_TestCases.TC004_OrderFoodTest"/>
</testsuite> <!-- lunch2desk_TestCases.TC004_OrderFoodTest -->
