<?xml version="1.0" encoding="UTF-8"?>
<!-- Generated by org.testng.reporters.JUnitReportReporter -->
<testsuite hostname="ESL008" name="Common.JDBC_Connection" tests="1" failures="0" timestamp="27 May 2019 09:08:16 GMT" time="2.820" errors="0">
  <testcase name="data" time="2.820" classname="Common.JDBC_Connection"/>
</testsuite> <!-- Common.JDBC_Connection -->
