<?xml version="1.0" encoding="UTF-8"?>
<!-- Generated by org.testng.reporters.JUnitReportReporter -->
<testsuite hostname="ESW009" name="webServicesTest.GetAPITestWitHHeadersTest" tests="1" failures="0" timestamp="13 Oct 2018 11:58:47 GMT" time="1.137" errors="0">
  <testcase name="getAPITestWithoutHeadersTest" time="1.137" classname="webServicesTest.GetAPITestWitHHeadersTest"/>
</testsuite> <!-- webServicesTest.GetAPITestWitHHeadersTest -->
