<?xml version="1.0" encoding="UTF-8"?>
<!-- Generated by org.testng.reporters.JUnitReportReporter -->
<testsuite hostname="ESL008" name="Common.JDBC_Connection" tests="1" failures="0" timestamp="7 May 2019 12:34:41 GMT" time="2.591" errors="0">
  <testcase name="data" time="2.591" classname="Common.JDBC_Connection"/>
</testsuite> <!-- Common.JDBC_Connection -->
