<?xml version="1.0" encoding="UTF-8"?>
<!-- Generated by org.testng.reporters.JUnitReportReporter -->
<testsuite hostname="ESW009" name="webServicesTest.PutAPITest" tests="1" failures="0" timestamp="15 Oct 2018 07:19:17 GMT" time="1.147" errors="0">
  <testcase name="putAPITest" time="1.147" classname="webServicesTest.PutAPITest"/>
</testsuite> <!-- webServicesTest.PutAPITest -->
