<?xml version="1.0" encoding="UTF-8"?>
<!-- Generated by org.testng.reporters.JUnitReportReporter -->
<testsuite hostname="ESW009" name="AndroidTestcases.WifiConnectionTest" tests="2" failures="0" timestamp="29 Oct 2018 07:10:54 GMT" time="68.439" errors="0">
  <testcase name="wifiConnectionPageTest" time="33.782" classname="AndroidTestcases.WifiConnectionTest"/>
  <testcase name="wifiConnectionPageTest" time="34.657" classname="AndroidTestcases.WifiConnectionTest"/>
</testsuite> <!-- AndroidTestcases.WifiConnectionTest -->
