<?xml version="1.0" encoding="UTF-8"?>
<!-- Generated by org.testng.reporters.JUnitReportReporter -->
<testsuite hostname="ESW009" name="PaymateTestcases.LinkedIn" tests="1" failures="0" timestamp="29 Aug 2018 06:56:29 GMT" time="162.976" errors="0">
  <testcase name="CreateLead" time="162.976" classname="PaymateTestcases.LinkedIn"/>
</testsuite> <!-- PaymateTestcases.LinkedIn -->
