<?xml version="1.0" encoding="UTF-8"?>
<!-- Generated by org.testng.reporters.JUnitReportReporter -->
<testsuite hostname="ESL006" name="TestCases.Test1" tests="4" failures="0" timestamp="19 Apr 2018 04:25:46 GMT" time="0.063" errors="0">
  <testcase name="testReport2" time="0.023" classname="TestCases.Test1"/>
  <testcase name="testReport1" time="0.018" classname="TestCases.Test1"/>
  <testcase name="testReport4" time="0.011" classname="TestCases.Test1"/>
  <testcase name="testReport3" time="0.011" classname="TestCases.Test1"/>
</testsuite> <!-- TestCases.Test1 -->
