<?xml version="1.0" encoding="UTF-8"?>
<!-- Generated by org.testng.reporters.JUnitReportReporter -->
<testsuite hostname="ESW009" name="PaymateTestcases.BokenLinksTestAfterLogin" tests="1" failures="0" timestamp="17 Sep 2018 09:50:50 GMT" time="13.250" errors="0">
  <testcase name="bokenLinksTestAfterLogin" time="13.250" classname="PaymateTestcases.BokenLinksTestAfterLogin"/>
</testsuite> <!-- PaymateTestcases.BokenLinksTestAfterLogin -->
