<?xml version="1.0" encoding="UTF-8"?>
<!-- Generated by org.testng.reporters.JUnitReportReporter -->
<testsuite hostname="ESL008" name="webServicesTest.GetAPIWithoutHeadersTest" tests="1" failures="0" timestamp="16 May 2019 06:42:50 GMT" time="9.898" errors="0">
  <testcase name="getAPIWithoutHeadersTest" time="9.898" classname="webServicesTest.GetAPIWithoutHeadersTest"/>
</testsuite> <!-- webServicesTest.GetAPIWithoutHeadersTest -->
