<?xml version="1.0" encoding="UTF-8"?>
<!-- Generated by org.testng.reporters.JUnitReportReporter -->
<testsuite hostname="ESW009" name="kvbNetBankingTestCases.NEFT_FundsTransferGreaterthanCurrentBalanceTest" tests="1" failures="0" timestamp="7 Sep 2018 04:32:00 GMT" time="55.429" errors="0">
  <testcase name="NEFT_FundsTransferGreaterthanCurrentBalance" time="55.429" classname="kvbNetBankingTestCases.NEFT_FundsTransferGreaterthanCurrentBalanceTest"/>
</testsuite> <!-- kvbNetBankingTestCases.NEFT_FundsTransferGreaterthanCurrentBalanceTest -->
