<?xml version="1.0" encoding="UTF-8"?>
<!-- Generated by org.testng.reporters.JUnitReportReporter -->
<testsuite hostname="ESW009" name="lunch2desk_TestCases.TC03_OrderCompletedTest" tests="1" failures="0" timestamp="4 Oct 2018 13:29:26 GMT" time="75.553" errors="0">
  <testcase name="orderCompletedTest" time="75.553" classname="lunch2desk_TestCases.TC03_OrderCompletedTest"/>
</testsuite> <!-- lunch2desk_TestCases.TC03_OrderCompletedTest -->
