<?xml version="1.0" encoding="UTF-8"?>
<!-- Generated by org.testng.reporters.JUnitReportReporter -->
<testsuite hostname="ESL008" name="creditMantriTestCases.BokenLinksTest" tests="1" failures="0" timestamp="11 Sep 2019 13:18:47 GMT" time="20.099" errors="0">
  <testcase name="brokenLinksTest" time="20.099" classname="creditMantriTestCases.BokenLinksTest"/>
</testsuite> <!-- creditMantriTestCases.BokenLinksTest -->
