<?xml version="1.0" encoding="UTF-8"?>
<!-- Generated by org.testng.reporters.JUnitReportReporter -->
<testsuite hostname="ESW009" name="AndroidTestcases.sample" tests="1" failures="0" timestamp="19 Oct 2018 11:10:10 GMT" time="11.069" errors="0">
  <testcase name="test" time="11.069" classname="AndroidTestcases.sample"/>
</testsuite> <!-- AndroidTestcases.sample -->
