<?xml version="1.0" encoding="UTF-8"?>
<!-- Generated by org.testng.reporters.JUnitReportReporter -->
<testsuite hostname="ESW012" name="TestCases.TC001_AndhraBank_OnlineApply_CarLoanProcessTest" tests="1" failures="0" timestamp="12 Jun 2018 10:09:08 GMT" time="30.209" errors="0">
  <testcase name="onlineLoanApplyTest" time="30.209" classname="TestCases.TC001_AndhraBank_OnlineApply_CarLoanProcessTest"/>
</testsuite> <!-- TestCases.TC001_AndhraBank_OnlineApply_CarLoanProcessTest -->
