<?xml version="1.0" encoding="UTF-8"?>
<!-- Generated by org.testng.reporters.JUnitReportReporter -->
<testsuite hostname="Admins-MacBook-Air.local" name="IOSTestCases.TestCase2" tests="1" failures="0" timestamp="22 Nov 2018 07:14:58 GMT" time="186.299" errors="0">
  <testcase name="testCase2" time="186.299" classname="IOSTestCases.TestCase2"/>
</testsuite> <!-- IOSTestCases.TestCase2 -->
